{"/Users/chakib/Documents/workspace/movie-app/backend/__tests__/utils/getTestToken.ts": {"path":"/Users/chakib/Documents/workspace/movie-app/backend/__tests__/utils/getTestToken.ts","statementMap":{"0":{"start":{"line":8,"column":0},"end":{"line":8,"column":7}},"1":{"start":{"line":1,"column":0},"end":{"line":1,"column":32}},"2":{"start":{"line":2,"column":0},"end":{"line":2,"column":35}},"3":{"start":{"line":12,"column":2},"end":{"line":16,"column":3}},"4":{"start":{"line":13,"column":4},"end":{"line":13,"column":76}},"5":{"start":{"line":15,"column":4},"end":{"line":15,"column":21}},"6":{"start":{"line":18,"column":14},"end":{"line":20,"column":30}},"7":{"start":{"line":22,"column":2},"end":{"line":22,"column":30}}},"fnMap":{"0":{"name":"getTestToken","decl":{"start":{"line":8,"column":22},"end":{"line":8,"column":34}},"loc":{"start":{"line":10,"column":23},"end":{"line":23,"column":1}}}},"branchMap":{"0":{"loc":{"start":{"line":9,"column":2},"end":{"line":9,"column":28}},"type":"default-arg","locations":[{"start":{"line":9,"column":10},"end":{"line":9,"column":28}}]},"1":{"loc":{"start":{"line":10,"column":2},"end":{"line":10,"column":23}},"type":"default-arg","locations":[{"start":{"line":10,"column":13},"end":{"line":10,"column":23}}]}},"s":{"0":1,"1":1,"2":1,"3":1,"4":1,"5":0,"6":1,"7":1},"f":{"0":1},"b":{"0":[1],"1":[1]}}
,"/Users/chakib/Documents/workspace/movie-app/backend/src/app.ts": {"path":"/Users/chakib/Documents/workspace/movie-app/backend/src/app.ts","statementMap":{"0":{"start":{"line":1,"column":0},"end":{"line":1,"column":30}},"1":{"start":{"line":2,"column":0},"end":{"line":2,"column":28}},"2":{"start":{"line":3,"column":0},"end":{"line":3,"column":32}},"3":{"start":{"line":4,"column":0},"end":{"line":4,"column":41}},"4":{"start":{"line":5,"column":0},"end":{"line":5,"column":24}},"5":{"start":{"line":7,"column":0},"end":{"line":7,"column":45}},"6":{"start":{"line":8,"column":0},"end":{"line":8,"column":42}},"7":{"start":{"line":9,"column":0},"end":{"line":9,"column":53}},"8":{"start":{"line":11,"column":0},"end":{"line":11,"column":16}},"9":{"start":{"line":13,"column":12},"end":{"line":13,"column":21}},"10":{"start":{"line":14,"column":13},"end":{"line":14,"column":37}},"11":{"start":{"line":17,"column":0},"end":{"line":29,"column":1}},"12":{"start":{"line":18,"column":0},"end":{"line":28,"column":5}},"13":{"start":{"line":21,"column":4},"end":{"line":21,"column":42}},"14":{"start":{"line":22,"column":4},"end":{"line":24,"column":7}},"15":{"start":{"line":23,"column":6},"end":{"line":23,"column":67}},"16":{"start":{"line":27,"column":4},"end":{"line":27,"column":54}},"17":{"start":{"line":31,"column":0},"end":{"line":36,"column":2}},"18":{"start":{"line":39,"column":0},"end":{"line":39,"column":24}},"19":{"start":{"line":40,"column":0},"end":{"line":40,"column":24}},"20":{"start":{"line":43,"column":0},"end":{"line":43,"column":33}},"21":{"start":{"line":44,"column":0},"end":{"line":44,"column":36}},"22":{"start":{"line":47,"column":0},"end":{"line":47,"column":22}},"23":{"start":{"line":49,"column":0},"end":{"line":49,"column":19}}},"fnMap":{"0":{"name":"(anonymous_1)","decl":{"start":{"line":20,"column":8},"end":{"line":20,"column":11}},"loc":{"start":{"line":20,"column":13},"end":{"line":25,"column":3}}},"1":{"name":"(anonymous_2)","decl":{"start":{"line":22,"column":21},"end":{"line":22,"column":24}},"loc":{"start":{"line":22,"column":26},"end":{"line":24,"column":5}}},"2":{"name":"(anonymous_3)","decl":{"start":{"line":26,"column":9},"end":{"line":26,"column":10}},"loc":{"start":{"line":26,"column":17},"end":{"line":28,"column":3}}}},"branchMap":{"0":{"loc":{"start":{"line":14,"column":13},"end":{"line":14,"column":37}},"type":"binary-expr","locations":[{"start":{"line":14,"column":13},"end":{"line":14,"column":29}},{"start":{"line":14,"column":33},"end":{"line":14,"column":37}}]},"1":{"loc":{"start":{"line":17,"column":0},"end":{"line":29,"column":1}},"type":"if","locations":[{"start":{"line":17,"column":0},"end":{"line":29,"column":1}}]}},"s":{"0":2,"1":2,"2":2,"3":2,"4":2,"5":2,"6":2,"7":2,"8":2,"9":2,"10":2,"11":2,"12":0,"13":0,"14":0,"15":0,"16":0,"17":2,"18":2,"19":2,"20":2,"21":2,"22":2,"23":2},"f":{"0":0,"1":0,"2":0},"b":{"0":[2,0],"1":[0]}}
,"/Users/chakib/Documents/workspace/movie-app/backend/src/middleware/auth.ts": {"path":"/Users/chakib/Documents/workspace/movie-app/backend/src/middleware/auth.ts","statementMap":{"0":{"start":{"line":2,"column":0},"end":{"line":2,"column":31}},"1":{"start":{"line":3,"column":0},"end":{"line":3,"column":28}},"2":{"start":{"line":6,"column":0},"end":{"line":6,"column":16}},"3":{"start":{"line":8,"column":19},"end":{"line":8,"column":45}},"4":{"start":{"line":10,"column":28},"end":{"line":28,"column":1}},"5":{"start":{"line":15,"column":21},"end":{"line":15,"column":46}},"6":{"start":{"line":16,"column":2},"end":{"line":17,"column":66}},"7":{"start":{"line":17,"column":4},"end":{"line":17,"column":66}},"8":{"start":{"line":19,"column":16},"end":{"line":19,"column":40}},"9":{"start":{"line":21,"column":2},"end":{"line":27,"column":3}},"10":{"start":{"line":22,"column":20},"end":{"line":22,"column":71}},"11":{"start":{"line":23,"column":4},"end":{"line":23,"column":23}},"12":{"start":{"line":24,"column":4},"end":{"line":24,"column":11}},"13":{"start":{"line":26,"column":4},"end":{"line":26,"column":62}},"14":{"start":{"line":10,"column":13},"end":{"line":10,"column":28}}},"fnMap":{"0":{"name":"(anonymous_1)","decl":{"start":{"line":10,"column":28},"end":{"line":10,"column":null}},"loc":{"start":{"line":14,"column":4},"end":{"line":28,"column":1}}}},"branchMap":{"0":{"loc":{"start":{"line":16,"column":2},"end":{"line":17,"column":66}},"type":"if","locations":[{"start":{"line":16,"column":2},"end":{"line":17,"column":66}}]}},"s":{"0":2,"1":2,"2":2,"3":2,"4":2,"5":7,"6":7,"7":1,"8":6,"9":6,"10":6,"11":5,"12":5,"13":1,"14":2},"f":{"0":7},"b":{"0":[1]}}
,"/Users/chakib/Documents/workspace/movie-app/backend/src/middleware/error.ts": {"path":"/Users/chakib/Documents/workspace/movie-app/backend/src/middleware/error.ts","statementMap":{"0":{"start":{"line":2,"column":0},"end":{"line":2,"column":31}},"1":{"start":{"line":9,"column":28},"end":{"line":40,"column":1}},"2":{"start":{"line":15,"column":2},"end":{"line":24,"column":3}},"3":{"start":{"line":16,"column":4},"end":{"line":23,"column":7}},"4":{"start":{"line":19,"column":37},"end":{"line":22,"column":8}},"5":{"start":{"line":26,"column":21},"end":{"line":26,"column":39}},"6":{"start":{"line":28,"column":2},"end":{"line":33,"column":3}},"7":{"start":{"line":29,"column":4},"end":{"line":32,"column":7}},"8":{"start":{"line":35,"column":2},"end":{"line":35,"column":21}},"9":{"start":{"line":36,"column":2},"end":{"line":39,"column":5}},"10":{"start":{"line":9,"column":13},"end":{"line":9,"column":28}}},"fnMap":{"0":{"name":"(anonymous_0)","decl":{"start":{"line":9,"column":28},"end":{"line":9,"column":null}},"loc":{"start":{"line":14,"column":4},"end":{"line":40,"column":1}}},"1":{"name":"(anonymous_1)","decl":{"start":{"line":19,"column":29},"end":{"line":19,"column":30}},"loc":{"start":{"line":19,"column":37},"end":{"line":22,"column":8}}}},"branchMap":{"0":{"loc":{"start":{"line":15,"column":2},"end":{"line":24,"column":3}},"type":"if","locations":[{"start":{"line":15,"column":2},"end":{"line":24,"column":3}}]},"1":{"loc":{"start":{"line":28,"column":2},"end":{"line":33,"column":3}},"type":"if","locations":[{"start":{"line":28,"column":2},"end":{"line":33,"column":3}}]},"2":{"loc":{"start":{"line":28,"column":6},"end":{"line":28,"column":45}},"type":"binary-expr","locations":[{"start":{"line":28,"column":6},"end":{"line":28,"column":23}},{"start":{"line":28,"column":27},"end":{"line":28,"column":45}}]}},"s":{"0":2,"1":2,"2":0,"3":0,"4":0,"5":0,"6":0,"7":0,"8":0,"9":0,"10":2},"f":{"0":0,"1":0},"b":{"0":[0],"1":[0],"2":[0,0]}}
,"/Users/chakib/Documents/workspace/movie-app/backend/src/models/movie.model.ts": {"path":"/Users/chakib/Documents/workspace/movie-app/backend/src/models/movie.model.ts","statementMap":{"0":{"start":{"line":1,"column":0},"end":{"line":1,"column":32}},"1":{"start":{"line":3,"column":20},"end":{"line":11,"column":null}},"2":{"start":{"line":14,"column":13},"end":{"line":14,"column":58}}},"fnMap":{},"branchMap":{},"s":{"0":2,"1":2,"2":2},"f":{},"b":{}}
,"/Users/chakib/Documents/workspace/movie-app/backend/src/models/user.model.ts": {"path":"/Users/chakib/Documents/workspace/movie-app/backend/src/models/user.model.ts","statementMap":{"0":{"start":{"line":1,"column":0},"end":{"line":1,"column":32}},"1":{"start":{"line":3,"column":19},"end":{"line":8,"column":null}},"2":{"start":{"line":11,"column":13},"end":{"line":11,"column":55}}},"fnMap":{},"branchMap":{},"s":{"0":2,"1":2,"2":2},"f":{},"b":{}}
,"/Users/chakib/Documents/workspace/movie-app/backend/src/routes/auth.ts": {"path":"/Users/chakib/Documents/workspace/movie-app/backend/src/routes/auth.ts","statementMap":{"0":{"start":{"line":1,"column":0},"end":{"line":1,"column":33}},"1":{"start":{"line":2,"column":0},"end":{"line":2,"column":28}},"2":{"start":{"line":3,"column":0},"end":{"line":3,"column":31}},"3":{"start":{"line":4,"column":0},"end":{"line":4,"column":47}},"4":{"start":{"line":5,"column":0},"end":{"line":5,"column":78}},"5":{"start":{"line":6,"column":0},"end":{"line":6,"column":53}},"6":{"start":{"line":10,"column":15},"end":{"line":10,"column":23}},"7":{"start":{"line":11,"column":22},"end":{"line":11,"column":73}},"8":{"start":{"line":12,"column":23},"end":{"line":12,"column":76}},"9":{"start":{"line":14,"column":21},"end":{"line":14,"column":58}},"10":{"start":{"line":17,"column":0},"end":{"line":32,"column":3}},"11":{"start":{"line":18,"column":2},"end":{"line":31,"column":3}},"12":{"start":{"line":19,"column":32},"end":{"line":19,"column":62}},"13":{"start":{"line":20,"column":25},"end":{"line":20,"column":54}},"14":{"start":{"line":21,"column":4},"end":{"line":22,"column":70}},"15":{"start":{"line":22,"column":6},"end":{"line":22,"column":70}},"16":{"start":{"line":24,"column":27},"end":{"line":24,"column":58}},"17":{"start":{"line":25,"column":17},"end":{"line":25,"column":62}},"18":{"start":{"line":26,"column":4},"end":{"line":26,"column":22}},"19":{"start":{"line":28,"column":4},"end":{"line":28,"column":56}},"20":{"start":{"line":30,"column":4},"end":{"line":30,"column":16}},"21":{"start":{"line":34,"column":28},"end":{"line":36,"column":1}},"22":{"start":{"line":35,"column":2},"end":{"line":35,"column":66}},"23":{"start":{"line":38,"column":29},"end":{"line":40,"column":1}},"24":{"start":{"line":39,"column":2},"end":{"line":39,"column":67}},"25":{"start":{"line":43,"column":0},"end":{"line":67,"column":3}},"26":{"start":{"line":44,"column":2},"end":{"line":66,"column":3}},"27":{"start":{"line":45,"column":32},"end":{"line":45,"column":59}},"28":{"start":{"line":46,"column":17},"end":{"line":46,"column":46}},"29":{"start":{"line":47,"column":4},"end":{"line":47,"column":79}},"30":{"start":{"line":47,"column":15},"end":{"line":47,"column":79}},"31":{"start":{"line":49,"column":20},"end":{"line":49,"column":65}},"32":{"start":{"line":50,"column":4},"end":{"line":51,"column":70}},"33":{"start":{"line":51,"column":6},"end":{"line":51,"column":70}},"34":{"start":{"line":54,"column":24},"end":{"line":54,"column":64}},"35":{"start":{"line":55,"column":25},"end":{"line":55,"column":66}},"36":{"start":{"line":57,"column":4},"end":{"line":61,"column":7}},"37":{"start":{"line":63,"column":4},"end":{"line":63,"column":30}},"38":{"start":{"line":65,"column":4},"end":{"line":65,"column":16}},"39":{"start":{"line":70,"column":0},"end":{"line":91,"column":3}},"40":{"start":{"line":71,"column":16},"end":{"line":71,"column":40}},"41":{"start":{"line":72,"column":2},"end":{"line":72,"column":75}},"42":{"start":{"line":72,"column":14},"end":{"line":72,"column":75}},"43":{"start":{"line":74,"column":2},"end":{"line":90,"column":3}},"44":{"start":{"line":75,"column":20},"end":{"line":75,"column":75}},"45":{"start":{"line":76,"column":27},"end":{"line":76,"column":62}},"46":{"start":{"line":77,"column":28},"end":{"line":77,"column":64}},"47":{"start":{"line":79,"column":4},"end":{"line":83,"column":7}},"48":{"start":{"line":85,"column":4},"end":{"line":85,"column":46}},"49":{"start":{"line":87,"column":4},"end":{"line":87,"column":47}},"50":{"start":{"line":88,"column":4},"end":{"line":88,"column":67}},"51":{"start":{"line":89,"column":4},"end":{"line":89,"column":63}},"52":{"start":{"line":94,"column":0},"end":{"line":97,"column":3}},"53":{"start":{"line":95,"column":2},"end":{"line":95,"column":34}},"54":{"start":{"line":96,"column":2},"end":{"line":96,"column":45}},"55":{"start":{"line":99,"column":0},"end":{"line":104,"column":3}},"56":{"start":{"line":100,"column":17},"end":{"line":100,"column":33}},"57":{"start":{"line":101,"column":15},"end":{"line":101,"column":62}},"58":{"start":{"line":102,"column":2},"end":{"line":102,"column":72}},"59":{"start":{"line":102,"column":13},"end":{"line":102,"column":72}},"60":{"start":{"line":103,"column":2},"end":{"line":103,"column":17}},"61":{"start":{"line":107,"column":0},"end":{"line":107,"column":22}}},"fnMap":{"0":{"name":"(anonymous_1)","decl":{"start":{"line":17,"column":25},"end":{"line":17,"column":30}},"loc":{"start":{"line":17,"column":50},"end":{"line":32,"column":1}}},"1":{"name":"(anonymous_2)","decl":{"start":{"line":34,"column":28},"end":{"line":34,"column":29}},"loc":{"start":{"line":34,"column":47},"end":{"line":36,"column":1}}},"2":{"name":"(anonymous_3)","decl":{"start":{"line":38,"column":29},"end":{"line":38,"column":30}},"loc":{"start":{"line":38,"column":48},"end":{"line":40,"column":1}}},"3":{"name":"(anonymous_4)","decl":{"start":{"line":43,"column":22},"end":{"line":43,"column":27}},"loc":{"start":{"line":43,"column":47},"end":{"line":67,"column":1}}},"4":{"name":"(anonymous_5)","decl":{"start":{"line":70,"column":24},"end":{"line":70,"column":25}},"loc":{"start":{"line":70,"column":58},"end":{"line":91,"column":1}}},"5":{"name":"(anonymous_6)","decl":{"start":{"line":94,"column":23},"end":{"line":94,"column":24}},"loc":{"start":{"line":94,"column":36},"end":{"line":97,"column":1}}},"6":{"name":"(anonymous_7)","decl":{"start":{"line":99,"column":32},"end":{"line":99,"column":37}},"loc":{"start":{"line":99,"column":73},"end":{"line":104,"column":1}}}},"branchMap":{"0":{"loc":{"start":{"line":11,"column":22},"end":{"line":11,"column":73}},"type":"binary-expr","locations":[{"start":{"line":11,"column":22},"end":{"line":11,"column":47}},{"start":{"line":11,"column":51},"end":{"line":11,"column":73}}]},"1":{"loc":{"start":{"line":12,"column":23},"end":{"line":12,"column":76}},"type":"binary-expr","locations":[{"start":{"line":12,"column":23},"end":{"line":12,"column":49}},{"start":{"line":12,"column":53},"end":{"line":12,"column":76}}]},"2":{"loc":{"start":{"line":21,"column":4},"end":{"line":22,"column":70}},"type":"if","locations":[{"start":{"line":21,"column":4},"end":{"line":22,"column":70}}]},"3":{"loc":{"start":{"line":47,"column":4},"end":{"line":47,"column":79}},"type":"if","locations":[{"start":{"line":47,"column":4},"end":{"line":47,"column":79}}]},"4":{"loc":{"start":{"line":50,"column":4},"end":{"line":51,"column":70}},"type":"if","locations":[{"start":{"line":50,"column":4},"end":{"line":51,"column":70}}]},"5":{"loc":{"start":{"line":72,"column":2},"end":{"line":72,"column":75}},"type":"if","locations":[{"start":{"line":72,"column":2},"end":{"line":72,"column":75}}]},"6":{"loc":{"start":{"line":102,"column":2},"end":{"line":102,"column":72}},"type":"if","locations":[{"start":{"line":102,"column":2},"end":{"line":102,"column":72}}]}},"s":{"0":2,"1":2,"2":2,"3":2,"4":2,"5":2,"6":2,"7":2,"8":2,"9":2,"10":2,"11":2,"12":2,"13":2,"14":2,"15":0,"16":2,"17":2,"18":2,"19":2,"20":0,"21":2,"22":2,"23":2,"24":2,"25":2,"26":3,"27":3,"28":3,"29":3,"30":0,"31":3,"32":3,"33":1,"34":2,"35":2,"36":2,"37":2,"38":0,"39":2,"40":0,"41":0,"42":0,"43":0,"44":0,"45":0,"46":0,"47":0,"48":0,"49":0,"50":0,"51":0,"52":2,"53":1,"54":1,"55":2,"56":0,"57":0,"58":0,"59":0,"60":0,"61":2},"f":{"0":2,"1":2,"2":2,"3":3,"4":0,"5":1,"6":0},"b":{"0":[2,0],"1":[2,0],"2":[0],"3":[0],"4":[1],"5":[0],"6":[0]}}
,"/Users/chakib/Documents/workspace/movie-app/backend/src/routes/movies.ts": {"path":"/Users/chakib/Documents/workspace/movie-app/backend/src/routes/movies.ts","statementMap":{"0":{"start":{"line":1,"column":0},"end":{"line":1,"column":33}},"1":{"start":{"line":2,"column":0},"end":{"line":2,"column":49}},"2":{"start":{"line":3,"column":0},"end":{"line":3,"column":53}},"3":{"start":{"line":4,"column":0},"end":{"line":4,"column":63}},"4":{"start":{"line":6,"column":15},"end":{"line":6,"column":23}},"5":{"start":{"line":15,"column":0},"end":{"line":18,"column":3}},"6":{"start":{"line":16,"column":17},"end":{"line":16,"column":35}},"7":{"start":{"line":17,"column":2},"end":{"line":17,"column":19}},"8":{"start":{"line":21,"column":0},"end":{"line":27,"column":3}},"9":{"start":{"line":22,"column":18},"end":{"line":22,"column":36}},"10":{"start":{"line":24,"column":16},"end":{"line":24,"column":45}},"11":{"start":{"line":25,"column":2},"end":{"line":25,"column":74}},"12":{"start":{"line":25,"column":14},"end":{"line":25,"column":74}},"13":{"start":{"line":26,"column":2},"end":{"line":26,"column":18}},"14":{"start":{"line":30,"column":0},"end":{"line":42,"column":3}},"15":{"start":{"line":31,"column":2},"end":{"line":41,"column":3}},"16":{"start":{"line":32,"column":22},"end":{"line":32,"column":49}},"17":{"start":{"line":33,"column":21},"end":{"line":33,"column":41}},"18":{"start":{"line":36,"column":4},"end":{"line":36,"column":26}},"19":{"start":{"line":38,"column":4},"end":{"line":38,"column":35}},"20":{"start":{"line":40,"column":4},"end":{"line":40,"column":16}},"21":{"start":{"line":45,"column":0},"end":{"line":58,"column":3}},"22":{"start":{"line":46,"column":18},"end":{"line":46,"column":36}},"23":{"start":{"line":48,"column":18},"end":{"line":50,"column":4}},"24":{"start":{"line":51,"column":2},"end":{"line":51,"column":76}},"25":{"start":{"line":51,"column":16},"end":{"line":51,"column":76}},"26":{"start":{"line":52,"column":2},"end":{"line":52,"column":20}},"27":{"start":{"line":61,"column":0},"end":{"line":71,"column":3}},"28":{"start":{"line":62,"column":18},"end":{"line":62,"column":36}},"29":{"start":{"line":63,"column":18},"end":{"line":63,"column":56}},"30":{"start":{"line":64,"column":2},"end":{"line":64,"column":76}},"31":{"start":{"line":64,"column":16},"end":{"line":64,"column":76}},"32":{"start":{"line":65,"column":2},"end":{"line":65,"column":20}},"33":{"start":{"line":73,"column":0},"end":{"line":73,"column":22}}},"fnMap":{"0":{"name":"(anonymous_0)","decl":{"start":{"line":15,"column":30},"end":{"line":15,"column":35}},"loc":{"start":{"line":15,"column":49},"end":{"line":18,"column":1}}},"1":{"name":"(anonymous_1)","decl":{"start":{"line":21,"column":38},"end":{"line":21,"column":43}},"loc":{"start":{"line":21,"column":57},"end":{"line":27,"column":1}}},"2":{"name":"(anonymous_2)","decl":{"start":{"line":30,"column":31},"end":{"line":30,"column":36}},"loc":{"start":{"line":30,"column":56},"end":{"line":42,"column":1}}},"3":{"name":"(anonymous_3)","decl":{"start":{"line":45,"column":38},"end":{"line":45,"column":43}},"loc":{"start":{"line":45,"column":57},"end":{"line":58,"column":1}}},"4":{"name":"(anonymous_4)","decl":{"start":{"line":61,"column":41},"end":{"line":61,"column":46}},"loc":{"start":{"line":61,"column":60},"end":{"line":71,"column":1}}}},"branchMap":{"0":{"loc":{"start":{"line":25,"column":2},"end":{"line":25,"column":74}},"type":"if","locations":[{"start":{"line":25,"column":2},"end":{"line":25,"column":74}}]},"1":{"loc":{"start":{"line":51,"column":2},"end":{"line":51,"column":76}},"type":"if","locations":[{"start":{"line":51,"column":2},"end":{"line":51,"column":76}}]},"2":{"loc":{"start":{"line":64,"column":2},"end":{"line":64,"column":76}},"type":"if","locations":[{"start":{"line":64,"column":2},"end":{"line":64,"column":76}}]}},"s":{"0":2,"1":2,"2":2,"3":2,"4":2,"5":2,"6":1,"7":1,"8":2,"9":1,"10":1,"11":1,"12":0,"13":1,"14":2,"15":1,"16":1,"17":1,"18":1,"19":1,"20":0,"21":2,"22":1,"23":1,"24":1,"25":0,"26":1,"27":2,"28":1,"29":1,"30":1,"31":0,"32":1,"33":2},"f":{"0":1,"1":1,"2":1,"3":1,"4":1},"b":{"0":[0],"1":[0],"2":[0]}}
,"/Users/chakib/Documents/workspace/movie-app/backend/src/validators/movie.validator.ts": {"path":"/Users/chakib/Documents/workspace/movie-app/backend/src/validators/movie.validator.ts","statementMap":{"0":{"start":{"line":1,"column":0},"end":{"line":1,"column":24}},"1":{"start":{"line":3,"column":13},"end":{"line":7,"column":3}}},"fnMap":{},"branchMap":{},"s":{"0":2,"1":2},"f":{},"b":{}}
,"/Users/chakib/Documents/workspace/movie-app/backend/src/validators/user.validator.ts": {"path":"/Users/chakib/Documents/workspace/movie-app/backend/src/validators/user.validator.ts","statementMap":{"0":{"start":{"line":1,"column":0},"end":{"line":1,"column":24}},"1":{"start":{"line":3,"column":13},"end":{"line":9,"column":3}},"2":{"start":{"line":11,"column":13},"end":{"line":11,"column":42}}},"fnMap":{},"branchMap":{},"s":{"0":2,"1":2,"2":2},"f":{},"b":{}}
}
