TN:
SF:__tests__/utils/getTestToken.ts
FN:8,getTestToken
FNF:1
FNH:1
FNDA:1,getTestToken
DA:1,1
DA:2,1
DA:8,1
DA:12,1
DA:13,1
DA:15,0
DA:18,1
DA:22,1
LF:8
LH:7
BRDA:9,0,0,1
BRDA:10,1,0,1
BRF:2
BRH:2
end_of_record
TN:
SF:src/app.ts
FN:20,(anonymous_1)
FN:22,(anonymous_2)
FN:26,(anonymous_3)
FNF:3
FNH:0
FNDA:0,(anonymous_1)
FNDA:0,(anonymous_2)
FNDA:0,(anonymous_3)
DA:1,2
DA:2,2
DA:3,2
DA:4,2
DA:5,2
DA:7,2
DA:8,2
DA:9,2
DA:11,2
DA:13,2
DA:14,2
DA:17,2
DA:18,0
DA:21,0
DA:22,0
DA:23,0
DA:27,0
DA:31,2
DA:39,2
DA:40,2
DA:43,2
DA:44,2
DA:47,2
DA:49,2
LF:24
LH:19
BRDA:14,0,0,2
BRDA:14,0,1,0
BRDA:17,1,0,0
BRF:3
BRH:1
end_of_record
TN:
SF:src/middleware/auth.ts
FN:10,(anonymous_1)
FNF:1
FNH:1
FNDA:7,(anonymous_1)
DA:2,2
DA:3,2
DA:6,2
DA:8,2
DA:10,2
DA:15,7
DA:16,7
DA:17,1
DA:19,6
DA:21,6
DA:22,6
DA:23,5
DA:24,5
DA:26,1
LF:14
LH:14
BRDA:16,0,0,1
BRF:1
BRH:1
end_of_record
TN:
SF:src/middleware/error.ts
FN:9,(anonymous_0)
FN:19,(anonymous_1)
FNF:2
FNH:0
FNDA:0,(anonymous_0)
FNDA:0,(anonymous_1)
DA:2,2
DA:9,2
DA:15,0
DA:16,0
DA:19,0
DA:26,0
DA:28,0
DA:29,0
DA:35,0
DA:36,0
LF:10
LH:2
BRDA:15,0,0,0
BRDA:28,1,0,0
BRDA:28,2,0,0
BRDA:28,2,1,0
BRF:4
BRH:0
end_of_record
TN:
SF:src/models/movie.model.ts
FNF:0
FNH:0
DA:1,2
DA:3,2
DA:14,2
LF:3
LH:3
BRF:0
BRH:0
end_of_record
TN:
SF:src/models/user.model.ts
FNF:0
FNH:0
DA:1,2
DA:3,2
DA:11,2
LF:3
LH:3
BRF:0
BRH:0
end_of_record
TN:
SF:src/routes/auth.ts
FN:17,(anonymous_1)
FN:34,(anonymous_2)
FN:38,(anonymous_3)
FN:43,(anonymous_4)
FN:70,(anonymous_5)
FN:94,(anonymous_6)
FN:99,(anonymous_7)
FNF:7
FNH:5
FNDA:2,(anonymous_1)
FNDA:2,(anonymous_2)
FNDA:2,(anonymous_3)
FNDA:3,(anonymous_4)
FNDA:0,(anonymous_5)
FNDA:1,(anonymous_6)
FNDA:0,(anonymous_7)
DA:1,2
DA:2,2
DA:3,2
DA:4,2
DA:5,2
DA:6,2
DA:10,2
DA:11,2
DA:12,2
DA:14,2
DA:17,2
DA:18,2
DA:19,2
DA:20,2
DA:21,2
DA:22,0
DA:24,2
DA:25,2
DA:26,2
DA:28,2
DA:30,0
DA:34,2
DA:35,2
DA:38,2
DA:39,2
DA:43,2
DA:44,3
DA:45,3
DA:46,3
DA:47,3
DA:49,3
DA:50,3
DA:51,1
DA:54,2
DA:55,2
DA:57,2
DA:63,2
DA:65,0
DA:70,2
DA:71,0
DA:72,0
DA:74,0
DA:75,0
DA:76,0
DA:77,0
DA:79,0
DA:85,0
DA:87,0
DA:88,0
DA:89,0
DA:94,2
DA:95,1
DA:96,1
DA:99,2
DA:100,0
DA:101,0
DA:102,0
DA:103,0
DA:107,2
LF:59
LH:41
BRDA:11,0,0,2
BRDA:11,0,1,0
BRDA:12,1,0,2
BRDA:12,1,1,0
BRDA:21,2,0,0
BRDA:47,3,0,0
BRDA:50,4,0,1
BRDA:72,5,0,0
BRDA:102,6,0,0
BRF:9
BRH:3
end_of_record
TN:
SF:src/routes/movies.ts
FN:15,(anonymous_0)
FN:21,(anonymous_1)
FN:30,(anonymous_2)
FN:45,(anonymous_3)
FN:61,(anonymous_4)
FNF:5
FNH:5
FNDA:1,(anonymous_0)
FNDA:1,(anonymous_1)
FNDA:1,(anonymous_2)
FNDA:1,(anonymous_3)
FNDA:1,(anonymous_4)
DA:1,2
DA:2,2
DA:3,2
DA:4,2
DA:6,2
DA:15,2
DA:16,1
DA:17,1
DA:21,2
DA:22,1
DA:24,1
DA:25,1
DA:26,1
DA:30,2
DA:31,1
DA:32,1
DA:33,1
DA:36,1
DA:38,1
DA:40,0
DA:45,2
DA:46,1
DA:48,1
DA:51,1
DA:52,1
DA:61,2
DA:62,1
DA:63,1
DA:64,1
DA:65,1
DA:73,2
LF:31
LH:30
BRDA:25,0,0,0
BRDA:51,1,0,0
BRDA:64,2,0,0
BRF:3
BRH:0
end_of_record
TN:
SF:src/validators/movie.validator.ts
FNF:0
FNH:0
DA:1,2
DA:3,2
LF:2
LH:2
BRF:0
BRH:0
end_of_record
TN:
SF:src/validators/user.validator.ts
FNF:0
FNH:0
DA:1,2
DA:3,2
DA:11,2
LF:3
LH:3
BRF:0
BRH:0
end_of_record
